Performing C++ SOURCE FILE Test CMAKE_HAVE_LIBC_PTHREAD failed with the following output:
Change Dir: /home/sorokin/AndroidStudioProjects/libs/spdlog/build/x86_64/CMakeFiles/CMakeTmp

Run Build Command(s):/usr/bin/gmake -f Makefile cmTC_f5386/fast && /usr/bin/gmake  -f CMakeFiles/cmTC_f5386.dir/build.make CMakeFiles/cmTC_f5386.dir/build
gmake[1]: Entering directory '/home/sorokin/AndroidStudioProjects/libs/spdlog/build/x86_64/CMakeFiles/CMakeTmp'
Building CXX object CMakeFiles/cmTC_f5386.dir/src.cxx.o
/home/sorokin/Android/Sdk/ndk/26.2.11394342/toolchains/llvm/prebuilt/linux-x86_64/bin/clang++ --target=x86_64-none-linux-android21 --sysroot=/home/sorokin/Android/Sdk/ndk/26.2.11394342/toolchains/llvm/prebuilt/linux-x86_64/sysroot -DCMAKE_HAVE_LIBC_PTHREAD  -g -DANDROID -fdata-sections -ffunction-sections -funwind-tables -fstack-protector-strong -no-canonical-prefixes -D_FORTIFY_SOURCE=2 -Wformat -Werror=format-security  -DSPDLOG_COMPILED_LIB  -fPIE -std=c++11 -MD -MT CMakeFiles/cmTC_f5386.dir/src.cxx.o -MF CMakeFiles/cmTC_f5386.dir/src.cxx.o.d -o CMakeFiles/cmTC_f5386.dir/src.cxx.o -c /home/sorokin/AndroidStudioProjects/libs/spdlog/build/x86_64/CMakeFiles/CMakeTmp/src.cxx
/home/sorokin/AndroidStudioProjects/libs/spdlog/build/x86_64/CMakeFiles/CMakeTmp/src.cxx:13:3: error: use of undeclared identifier 'pthread_cancel'
  pthread_cancel(thread);
  ^
1 error generated.
gmake[1]: *** [CMakeFiles/cmTC_f5386.dir/build.make:79: CMakeFiles/cmTC_f5386.dir/src.cxx.o] Error 1
gmake[1]: Leaving directory '/home/sorokin/AndroidStudioProjects/libs/spdlog/build/x86_64/CMakeFiles/CMakeTmp'
gmake: *** [Makefile:127: cmTC_f5386/fast] Error 2


Source file was:
#include <pthread.h>

static void* test_func(void* data)
{
  return data;
}

int main(void)
{
  pthread_t thread;
  pthread_create(&thread, NULL, test_func, NULL);
  pthread_detach(thread);
  pthread_cancel(thread);
  pthread_join(thread, NULL);
  pthread_atfork(NULL, NULL, NULL);
  pthread_exit(NULL);

  return 0;
}

Determining if the function pthread_create exists in the pthreads failed with the following output:
Change Dir: /home/sorokin/AndroidStudioProjects/libs/spdlog/build/x86_64/CMakeFiles/CMakeTmp

Run Build Command(s):/usr/bin/gmake -f Makefile cmTC_6299a/fast && /usr/bin/gmake  -f CMakeFiles/cmTC_6299a.dir/build.make CMakeFiles/cmTC_6299a.dir/build
gmake[1]: Entering directory '/home/sorokin/AndroidStudioProjects/libs/spdlog/build/x86_64/CMakeFiles/CMakeTmp'
Building CXX object CMakeFiles/cmTC_6299a.dir/CheckFunctionExists.cxx.o
/home/sorokin/Android/Sdk/ndk/26.2.11394342/toolchains/llvm/prebuilt/linux-x86_64/bin/clang++ --target=x86_64-none-linux-android21 --sysroot=/home/sorokin/Android/Sdk/ndk/26.2.11394342/toolchains/llvm/prebuilt/linux-x86_64/sysroot   -g -DANDROID -fdata-sections -ffunction-sections -funwind-tables -fstack-protector-strong -no-canonical-prefixes -D_FORTIFY_SOURCE=2 -Wformat -Werror=format-security  -DSPDLOG_COMPILED_LIB -DCHECK_FUNCTION_EXISTS=pthread_create -fPIE -std=c++11 -MD -MT CMakeFiles/cmTC_6299a.dir/CheckFunctionExists.cxx.o -MF CMakeFiles/cmTC_6299a.dir/CheckFunctionExists.cxx.o.d -o CMakeFiles/cmTC_6299a.dir/CheckFunctionExists.cxx.o -c /home/sorokin/AndroidStudioProjects/libs/spdlog/build/x86_64/CMakeFiles/CheckLibraryExists/CheckFunctionExists.cxx
Linking CXX executable cmTC_6299a
/home/sorokin/Android/Sdk/cmake/3.22.1/bin/cmake -E cmake_link_script CMakeFiles/cmTC_6299a.dir/link.txt --verbose=1
/home/sorokin/Android/Sdk/ndk/26.2.11394342/toolchains/llvm/prebuilt/linux-x86_64/bin/clang++ --target=x86_64-none-linux-android21 --sysroot=/home/sorokin/Android/Sdk/ndk/26.2.11394342/toolchains/llvm/prebuilt/linux-x86_64/sysroot -g -DANDROID -fdata-sections -ffunction-sections -funwind-tables -fstack-protector-strong -no-canonical-prefixes -D_FORTIFY_SOURCE=2 -Wformat -Werror=format-security  -DSPDLOG_COMPILED_LIB -DCHECK_FUNCTION_EXISTS=pthread_create -static-libstdc++ -Wl,--build-id=sha1 -Wl,--no-rosegment -Wl,--no-undefined-version -Wl,--fatal-warnings -Wl,--no-undefined -Qunused-arguments    CMakeFiles/cmTC_6299a.dir/CheckFunctionExists.cxx.o -o cmTC_6299a  -lpthreads -latomic -lm 
ld.lld: error: unable to find library -lpthreads
clang++: error: linker command failed with exit code 1 (use -v to see invocation)
gmake[1]: *** [CMakeFiles/cmTC_6299a.dir/build.make:100: cmTC_6299a] Error 1
gmake[1]: Leaving directory '/home/sorokin/AndroidStudioProjects/libs/spdlog/build/x86_64/CMakeFiles/CMakeTmp'
gmake: *** [Makefile:127: cmTC_6299a/fast] Error 2



Determining if the function pthread_create exists in the pthread failed with the following output:
Change Dir: /home/sorokin/AndroidStudioProjects/libs/spdlog/build/x86_64/CMakeFiles/CMakeTmp

Run Build Command(s):/usr/bin/gmake -f Makefile cmTC_e55e7/fast && /usr/bin/gmake  -f CMakeFiles/cmTC_e55e7.dir/build.make CMakeFiles/cmTC_e55e7.dir/build
gmake[1]: Entering directory '/home/sorokin/AndroidStudioProjects/libs/spdlog/build/x86_64/CMakeFiles/CMakeTmp'
Building CXX object CMakeFiles/cmTC_e55e7.dir/CheckFunctionExists.cxx.o
/home/sorokin/Android/Sdk/ndk/26.2.11394342/toolchains/llvm/prebuilt/linux-x86_64/bin/clang++ --target=x86_64-none-linux-android21 --sysroot=/home/sorokin/Android/Sdk/ndk/26.2.11394342/toolchains/llvm/prebuilt/linux-x86_64/sysroot   -g -DANDROID -fdata-sections -ffunction-sections -funwind-tables -fstack-protector-strong -no-canonical-prefixes -D_FORTIFY_SOURCE=2 -Wformat -Werror=format-security  -DSPDLOG_COMPILED_LIB -DCHECK_FUNCTION_EXISTS=pthread_create -fPIE -std=c++11 -MD -MT CMakeFiles/cmTC_e55e7.dir/CheckFunctionExists.cxx.o -MF CMakeFiles/cmTC_e55e7.dir/CheckFunctionExists.cxx.o.d -o CMakeFiles/cmTC_e55e7.dir/CheckFunctionExists.cxx.o -c /home/sorokin/AndroidStudioProjects/libs/spdlog/build/x86_64/CMakeFiles/CheckLibraryExists/CheckFunctionExists.cxx
Linking CXX executable cmTC_e55e7
/home/sorokin/Android/Sdk/cmake/3.22.1/bin/cmake -E cmake_link_script CMakeFiles/cmTC_e55e7.dir/link.txt --verbose=1
/home/sorokin/Android/Sdk/ndk/26.2.11394342/toolchains/llvm/prebuilt/linux-x86_64/bin/clang++ --target=x86_64-none-linux-android21 --sysroot=/home/sorokin/Android/Sdk/ndk/26.2.11394342/toolchains/llvm/prebuilt/linux-x86_64/sysroot -g -DANDROID -fdata-sections -ffunction-sections -funwind-tables -fstack-protector-strong -no-canonical-prefixes -D_FORTIFY_SOURCE=2 -Wformat -Werror=format-security  -DSPDLOG_COMPILED_LIB -DCHECK_FUNCTION_EXISTS=pthread_create -static-libstdc++ -Wl,--build-id=sha1 -Wl,--no-rosegment -Wl,--no-undefined-version -Wl,--fatal-warnings -Wl,--no-undefined -Qunused-arguments    CMakeFiles/cmTC_e55e7.dir/CheckFunctionExists.cxx.o -o cmTC_e55e7  -lpthread -latomic -lm 
ld.lld: error: unable to find library -lpthread
clang++: error: linker command failed with exit code 1 (use -v to see invocation)
gmake[1]: *** [CMakeFiles/cmTC_e55e7.dir/build.make:100: cmTC_e55e7] Error 1
gmake[1]: Leaving directory '/home/sorokin/AndroidStudioProjects/libs/spdlog/build/x86_64/CMakeFiles/CMakeTmp'
gmake: *** [Makefile:127: cmTC_e55e7/fast] Error 2



